TN:
SF:script/Counter.s.sol
DA:10,0
FN:10,CounterScript.setUp
FNDA:0,CounterScript.setUp
DA:12,0
FN:12,CounterScript.run
FNDA:0,CounterScript.run
DA:13,0
DA:15,0
DA:17,0
FNF:2
FNH:0
LF:5
LH:0
BRF:0
BRH:0
end_of_record
TN:
SF:script/NFTAuction.s.sol
DA:15,0
FN:15,NFTAuctionLocalScript.run
FNDA:0,NFTAuctionLocalScript.run
DA:17,0
DA:18,0
DA:21,0
DA:24,0
DA:26,0
DA:27,0
DA:28,0
DA:30,0
DA:33,0
DA:36,0
DA:39,0
DA:46,0
DA:49,0
DA:51,0
DA:54,0
DA:55,0
DA:56,0
DA:57,0
DA:58,0
FNF:1
FNH:0
LF:20
LH:0
BRF:0
BRH:0
end_of_record
TN:
SF:script/NFThan.s.sol
DA:10,0
FN:10,NFThanLocalScript.run
FNDA:0,NFThanLocalScript.run
DA:12,0
DA:13,0
DA:16,0
DA:18,0
DA:19,0
DA:21,0
DA:23,0
DA:25,0
DA:28,0
DA:29,0
FNF:1
FNH:0
LF:11
LH:0
BRF:0
BRH:0
end_of_record
TN:
SF:src/Counter.sol
DA:7,258
FN:7,Counter.setNumber
FNDA:258,Counter.setNumber
DA:8,258
DA:11,1
FN:11,Counter.increment
FNDA:1,Counter.increment
DA:12,1
FNF:2
FNH:2
LF:4
LH:4
BRF:0
BRH:0
end_of_record
TN:
SF:src/NFTAuction.sol
DA:52,31
FN:52,NFTAuction.notZeroAddress
FNDA:31,NFTAuction.notZeroAddress
DA:53,31
BRDA:53,0,0,1
BRDA:53,0,1,30
DA:56,30
FN:56,NFTAuction.notZeroNum
FNDA:30,NFTAuction.notZeroNum
DA:57,30
BRDA:57,1,0,1
BRDA:57,1,1,27
DA:89,36
FN:89,NFTAuction.initialize
FNDA:36,NFTAuction.initialize
DA:94,36
BRDA:94,2,0,1
BRDA:94,2,1,35
DA:95,35
DA:98,76
FN:98,NFTAuction.setPriceFeed
FNDA:76,NFTAuction.setPriceFeed
DA:102,76
DA:107,1
FN:107,NFTAuction.getChainlinkDataFeedLatestAnswer
FNDA:1,NFTAuction.getChainlinkDataFeedLatestAnswer
DA:110,59
DA:112,59
DA:118,59
DA:119,58
DA:130,31
FN:130,NFTAuction.createAuction
FNDA:31,NFTAuction.createAuction
DA:143,27
DA:145,27
BRDA:145,3,0,1
BRDA:145,3,1,25
DA:150,25
BRDA:150,4,0,1
BRDA:150,4,1,24
DA:156,24
BRDA:156,5,0,1
BRDA:156,5,1,23
DA:163,23
DA:164,23
DA:175,23
DA:176,23
DA:185,23
DA:192,23
FN:192,NFTAuction.getAuctions
FNDA:23,NFTAuction.getAuctions
DA:207,23
DA:208,23
DA:225,19
FN:225,NFTAuction.getAuctionCount
FNDA:19,NFTAuction.getAuctionCount
DA:226,19
DA:234,23
FN:234,NFTAuction.bidNFT
FNDA:23,NFTAuction.bidNFT
DA:243,23
DA:245,23
BRDA:245,6,0,1
BRDA:245,6,1,22
DA:250,22
BRDA:250,7,0,1
BRDA:250,7,1,21
DA:255,21
BRDA:255,8,0,1
BRDA:255,8,1,20
DA:259,20
DA:260,20
BRDA:260,9,0,9
BRDA:260,9,1,11
DA:263,9
DA:266,11
DA:268,11
DA:271,19
DA:274,19
DA:277,19
BRDA:277,10,0,3
BRDA:277,10,1,16
DA:284,16
BRDA:284,11,0,7
DA:285,7
DA:286,6
BRDA:286,12,0,1
BRDA:286,12,1,5
DA:290,14
BRDA:290,13,0,3
DA:291,3
BRDA:291,14,0,1
BRDA:291,14,1,1
DA:293,1
DA:296,2
DA:300,2
BRDA:300,15,0,1
BRDA:300,15,1,1
DA:304,13
DA:305,13
DA:306,13
DA:307,13
DA:321,9
FN:321,NFTAuction.endAuction
FNDA:9,NFTAuction.endAuction
DA:327,9
DA:329,9
BRDA:329,16,0,1
BRDA:329,16,1,8
DA:334,8
BRDA:334,17,0,1
BRDA:334,17,1,7
DA:339,7
BRDA:339,18,0,1
BRDA:339,18,1,6
DA:344,6
BRDA:344,19,0,3
DA:345,3
DA:347,3
BRDA:347,20,0,1
BRDA:347,20,1,2
DA:353,2
DA:360,2
DA:361,2
DA:362,2
BRDA:362,21,0,1
BRDA:362,21,1,1
DA:365,1
DA:366,1
BRDA:366,22,0,-
BRDA:366,22,1,1
DA:371,4
DA:373,4
DA:385,0
FN:385,NFTAuction._authorizeUpgrade
FNDA:0,NFTAuction._authorizeUpgrade
DA:386,0
BRDA:386,23,0,-
BRDA:386,23,1,-
FNF:11
FNH:10
LF:72
LH:70
BRF:45
BRH:42
end_of_record
TN:
SF:src/NFTMarket.sol
DA:60,0
FN:60,NFTMarket.notZeroAddress
FNDA:0,NFTMarket.notZeroAddress
DA:61,0
BRDA:61,0,0,-
BRDA:61,0,1,-
DA:65,0
FN:65,NFTMarket.notZeroNum
FNDA:0,NFTMarket.notZeroNum
DA:66,0
BRDA:66,1,0,-
BRDA:66,1,1,-
DA:134,0
FN:134,NFTMarket.constructor
FNDA:0,NFTMarket.constructor
DA:137,0
BRDA:137,2,0,-
BRDA:137,2,1,-
DA:138,0
DA:150,0
FN:150,NFTMarket.createListing
FNDA:0,NFTMarket.createListing
DA:160,0
DA:162,0
BRDA:162,3,0,-
BRDA:162,3,1,-
DA:167,0
BRDA:167,4,0,-
BRDA:167,4,1,-
DA:172,0
DA:174,0
DA:182,0
DA:189,0
DA:197,0
FN:197,NFTMarket._getListing
FNDA:0,NFTMarket._getListing
DA:203,0
DA:212,0
FN:212,NFTMarket.cnacelListing
FNDA:0,NFTMarket.cnacelListing
DA:215,0
DA:217,0
BRDA:217,5,0,-
BRDA:217,5,1,-
DA:222,0
BRDA:222,6,0,-
BRDA:222,6,1,-
DA:227,0
DA:233,0
DA:244,0
FN:244,NFTMarket.changedPrice
FNDA:0,NFTMarket.changedPrice
DA:251,0
DA:253,0
BRDA:253,7,0,-
BRDA:253,7,1,-
DA:258,0
BRDA:258,8,0,-
BRDA:258,8,1,-
DA:263,0
BRDA:263,9,0,-
BRDA:263,9,1,-
DA:268,0
DA:276,0
DA:285,0
FN:285,NFTMarket.buyNFT
FNDA:0,NFTMarket.buyNFT
DA:290,0
DA:292,0
BRDA:292,10,0,-
BRDA:292,10,1,-
DA:297,0
BRDA:297,11,0,-
BRDA:297,11,1,-
DA:302,0
BRDA:302,12,0,-
BRDA:302,12,1,-
DA:307,0
DA:309,0
DA:315,0
DA:318,0
DA:319,0
DA:325,0
BRDA:325,13,0,-
DA:326,0
DA:327,0
BRDA:327,14,0,-
BRDA:327,14,1,-
DA:332,0
DA:341,0
DA:342,0
BRDA:342,15,0,-
BRDA:342,15,1,-
DA:347,0
DA:348,0
BRDA:348,16,0,-
BRDA:348,16,1,-
DA:353,0
BRDA:353,17,0,-
DA:354,0
DA:355,0
BRDA:355,18,0,-
BRDA:355,18,1,-
DA:360,0
DA:369,0
DA:383,0
FN:383,NFTMarket.withdrawFee
FNDA:0,NFTMarket.withdrawFee
DA:387,0
DA:388,0
BRDA:388,19,0,-
BRDA:388,19,1,-
DA:393,0
DA:394,0
BRDA:394,20,0,-
BRDA:394,20,1,-
DA:398,0
DA:410,0
FN:410,NFTMarket.setFeeReceiver
FNDA:0,NFTMarket.setFeeReceiver
DA:415,0
DA:416,0
DA:417,0
DA:433,0
FN:433,NFTMarket._getRoyaltyInfo
FNDA:0,NFTMarket._getRoyaltyInfo
DA:442,0
DA:443,0
BRDA:443,21,0,-
BRDA:443,21,1,-
DA:444,0
DA:450,0
DA:451,0
FNF:11
FNH:0
LF:69
LH:0
BRF:42
BRH:0
end_of_record
TN:
SF:src/NFThan.sol
DA:27,46
FN:27,NFThan.notAddressZero
FNDA:46,NFThan.notAddressZero
DA:28,46
BRDA:28,0,0,-
BRDA:28,0,1,46
DA:52,46
FN:52,NFThan.mint
FNDA:46,NFThan.mint
DA:61,46
BRDA:61,1,0,-
BRDA:61,1,1,46
DA:63,46
BRDA:63,2,0,1
BRDA:63,2,1,45
DA:65,45
BRDA:65,3,0,1
BRDA:65,3,1,44
DA:68,44
DA:69,44
DA:71,44
DA:73,44
DA:75,44
DA:76,44
DA:83,5
FN:83,NFThan.totalSupply
FNDA:5,NFThan.totalSupply
DA:84,5
DA:92,4
FN:92,NFThan.setMintPrice
FNDA:4,NFThan.setMintPrice
DA:93,3
BRDA:93,4,0,1
BRDA:93,4,1,2
DA:94,2
BRDA:94,5,0,1
BRDA:94,5,1,1
DA:95,1
DA:102,3
FN:102,NFThan.withdraw
FNDA:3,NFThan.withdraw
DA:103,2
DA:104,2
BRDA:104,6,0,1
BRDA:104,6,1,1
DA:105,1
DA:106,1
DA:107,1
BRDA:107,7,0,-
BRDA:107,7,1,1
DA:116,3
FN:116,NFThan.tokenURI
FNDA:3,NFThan.tokenURI
DA:122,3
DA:130,3
FN:130,NFThan.supportsInterface
FNDA:3,NFThan.supportsInterface
DA:136,3
FNF:7
FNH:7
LF:28
LH:28
BRF:16
BRH:13
end_of_record
TN:
SF:src/TokenVault.sol
DA:24,6
FN:24,TokenVault.deposit
FNDA:6,TokenVault.deposit
DA:25,6
BRDA:25,0,0,-
BRDA:25,0,1,6
DA:26,6
BRDA:26,1,0,-
BRDA:26,1,1,6
DA:29,6
DA:32,6
DA:35,6
DA:43,2
FN:43,TokenVault.withdraw
FNDA:2,TokenVault.withdraw
DA:44,2
BRDA:44,2,0,-
BRDA:44,2,1,2
DA:45,2
BRDA:45,3,0,-
BRDA:45,3,1,2
DA:46,2
BRDA:46,4,0,1
BRDA:46,4,1,1
DA:52,1
DA:55,1
DA:58,1
DA:67,0
FN:67,TokenVault.getBalance
FNDA:0,TokenVault.getBalance
DA:68,0
FNF:3
FNH:2
LF:15
LH:13
BRF:10
BRH:6
end_of_record
TN:
SF:test/NFTAuction.t.sol
DA:13,76
FN:13,MockV3Aggregator.constructor.0
FNDA:76,MockV3Aggregator.constructor.0
DA:14,76
DA:17,58
FN:17,MockV3Aggregator.latestRoundData
FNDA:58,MockV3Aggregator.latestRoundData
DA:28,58
DA:787,4
FN:787,MockERC20.constructor.1
FNDA:4,MockERC20.constructor.1
DA:788,4
DA:789,4
DA:790,4
DA:791,4
DA:792,4
DA:795,6
FN:795,MockERC20.transfer.0
FNDA:6,MockERC20.transfer.0
DA:796,6
BRDA:796,0,0,-
BRDA:796,0,1,6
DA:797,6
DA:798,6
DA:799,6
DA:800,6
DA:803,5
FN:803,MockERC20.approve.0
FNDA:5,MockERC20.approve.0
DA:804,5
DA:805,5
DA:806,5
DA:809,4
FN:809,MockERC20.transferFrom.0
FNDA:4,MockERC20.transferFrom.0
DA:810,4
BRDA:810,1,0,1
BRDA:810,1,1,3
DA:811,3
BRDA:811,2,0,-
BRDA:811,2,1,3
DA:812,3
DA:813,3
DA:814,3
DA:815,3
DA:816,3
DA:828,1
FN:828,MockFailingERC20.constructor.2
FNDA:1,MockFailingERC20.constructor.2
DA:829,1
DA:830,1
DA:831,1
DA:834,1
FN:834,MockFailingERC20.mint.0
FNDA:1,MockFailingERC20.mint.0
DA:835,1
DA:838,1
FN:838,MockFailingERC20.approve.1
FNDA:1,MockFailingERC20.approve.1
DA:839,1
DA:840,1
DA:843,1
FN:843,MockFailingERC20.transferFrom.1
FNDA:1,MockFailingERC20.transferFrom.1
DA:845,1
BRDA:845,3,0,-
BRDA:845,3,1,1
DA:846,1
BRDA:846,4,0,-
BRDA:846,4,1,1
DA:850,1
BRDA:850,5,0,1
DA:851,1
DA:854,0
DA:855,0
DA:856,0
DA:857,0
DA:872,1
FN:872,MockRefundingFailingERC20.constructor.3
FNDA:1,MockRefundingFailingERC20.constructor.3
DA:873,1
DA:874,1
DA:875,1
DA:878,3
FN:878,MockRefundingFailingERC20.mint.1
FNDA:3,MockRefundingFailingERC20.mint.1
DA:879,3
DA:882,2
FN:882,MockRefundingFailingERC20.approve.2
FNDA:2,MockRefundingFailingERC20.approve.2
DA:883,2
DA:884,2
DA:887,2
FN:887,MockRefundingFailingERC20.transferFrom.2
FNDA:2,MockRefundingFailingERC20.transferFrom.2
DA:888,2
BRDA:888,6,0,-
BRDA:888,6,1,2
DA:889,2
BRDA:889,7,0,-
BRDA:889,7,1,2
DA:891,2
DA:892,2
DA:893,2
DA:894,2
DA:898,1
FN:898,MockRefundingFailingERC20.transfer.1
FNDA:1,MockRefundingFailingERC20.transfer.1
DA:900,1
BRDA:900,8,0,1
DA:901,1
DA:904,0
BRDA:904,9,0,-
BRDA:904,9,1,-
DA:905,0
DA:906,0
DA:907,0
DA:911,1
FN:911,MockRefundingFailingERC20.setPreviousBidder
FNDA:1,MockRefundingFailingERC20.setPreviousBidder
DA:912,1
DA:916,1
FN:916,MockRefundingFailingERC20.setShouldFailOnRefund
FNDA:1,MockRefundingFailingERC20.setShouldFailOnRefund
DA:917,1
DA:923,1
FN:923,RevertingReceiver.receive
FNDA:1,RevertingReceiver.receive
DA:924,1
DA:927,0
FN:927,RevertingReceiver.fallback
FNDA:0,RevertingReceiver.fallback
DA:928,0
FNF:19
FNH:18
LF:77
LH:67
BRF:18
BRH:10
end_of_record
TN:
SF:test/TokenVault.t.sol
DA:10,5
FN:10,MockERC20.constructor
FNDA:5,MockERC20.constructor
DA:11,5
DA:14,10
FN:14,MockERC20.mint
FNDA:10,MockERC20.mint
DA:15,10
FNF:2
FNH:2
LF:4
LH:4
BRF:0
BRH:0
end_of_record
